<?xml version="1.0" encoding="UTF-8"?>
<!-- Generated by org.testng.reporters.JUnitReportReporter -->
<testsuite skipped="56" hostname="C100-17" name="com.guru99bank.testCases.End2End" tests="58" failures="0" timestamp="13 Oct 2018 07:33:40 GMT" time="5.434" errors="2">
  <testcase name="setup" time="0.244" classname="com.guru99bank.testCases.End2End">
    <error type="org.openqa.selenium.WebDriverException" message="java.nio.file.FileSystemException: C:\Users\dkunal\AppData\Roaming\Mozilla\Firefox\Profiles\h9c7xvvq.selenium\minidumps\22d2ba2e-b1b6-440a-9b52-f11d9bc4ee9a.dmp: The process cannot access the file because it is being used by another process.

Build info: version: &#039;3.4.0&#039;, revision: &#039;unknown&#039;, time: &#039;unknown&#039;
System info: host: &#039;C100-17&#039;, ip: &#039;192.168.100.17&#039;, os.name: &#039;Windows 8.1&#039;, os.arch: &#039;amd64&#039;, os.version: &#039;6.3&#039;, java.version: &#039;1.8.0_25&#039;
Driver info: driver.version: unknown">
      <![CDATA[org.openqa.selenium.WebDriverException: java.nio.file.FileSystemException: C:\Users\dkunal\AppData\Roaming\Mozilla\Firefox\Profiles\h9c7xvvq.selenium\minidumps\22d2ba2e-b1b6-440a-9b52-f11d9bc4ee9a.dmp: The process cannot access the file because it is being used by another process.

Build info: version: '3.4.0', revision: 'unknown', time: 'unknown'
System info: host: 'C100-17', ip: '192.168.100.17', os.name: 'Windows 8.1', os.arch: 'amd64', os.version: '6.3', java.version: '1.8.0_25'
Driver info: driver.version: unknown
at org.openqa.selenium.firefox.internal.ProfilesIni.getProfile(ProfilesIni.java:129)
at com.guru99bank.testCases.BaseClass.setup(BaseClass.java:53)
at sun.reflect.NativeMethodAccessorImpl.invoke0(Native Method)
at sun.reflect.NativeMethodAccessorImpl.invoke(NativeMethodAccessorImpl.java:62)
at sun.reflect.DelegatingMethodAccessorImpl.invoke(DelegatingMethodAccessorImpl.java:43)
at java.lang.reflect.Method.invoke(Method.java:483)
at org.testng.internal.MethodInvocationHelper.invokeMethod(MethodInvocationHelper.java:124)
at org.testng.internal.MethodInvocationHelper.invokeMethodConsideringTimeout(MethodInvocationHelper.java:59)
at org.testng.internal.Invoker.invokeConfigurationMethod(Invoker.java:458)
at org.testng.internal.Invoker.invokeConfigurations(Invoker.java:222)
at org.testng.internal.Invoker.invokeConfigurations(Invoker.java:142)
at org.testng.internal.TestMethodWorker.invokeBeforeClassMethods(TestMethodWorker.java:168)
at org.testng.internal.TestMethodWorker.run(TestMethodWorker.java:105)
at org.testng.TestRunner.privateRun(TestRunner.java:648)
at org.testng.TestRunner.run(TestRunner.java:505)
at org.testng.SuiteRunner.runTest(SuiteRunner.java:455)
at org.testng.SuiteRunner.access$000(SuiteRunner.java:40)
at org.testng.SuiteRunner$SuiteWorker.run(SuiteRunner.java:489)
at org.testng.internal.thread.ThreadUtil$1.call(ThreadUtil.java:52)
at java.util.concurrent.FutureTask.run(FutureTask.java:266)
at java.util.concurrent.ThreadPoolExecutor.runWorker(ThreadPoolExecutor.java:1142)
at java.util.concurrent.ThreadPoolExecutor$Worker.run(ThreadPoolExecutor.java:617)
at java.lang.Thread.run(Thread.java:745)
Caused by: java.nio.file.FileSystemException: C:\Users\dkunal\AppData\Roaming\Mozilla\Firefox\Profiles\h9c7xvvq.selenium\minidumps\22d2ba2e-b1b6-440a-9b52-f11d9bc4ee9a.dmp: The process cannot access the file because it is being used by another process.

at sun.nio.fs.WindowsException.translateToIOException(WindowsException.java:86)
at sun.nio.fs.WindowsException.rethrowAsIOException(WindowsException.java:97)
at sun.nio.fs.WindowsException.rethrowAsIOException(WindowsException.java:102)
at sun.nio.fs.WindowsFileSystemProvider.newByteChannel(WindowsFileSystemProvider.java:230)
at java.nio.file.Files.newByteChannel(Files.java:361)
at java.nio.file.Files.newByteChannel(Files.java:407)
at java.nio.file.spi.FileSystemProvider.newInputStream(FileSystemProvider.java:384)
at java.nio.file.Files.newInputStream(Files.java:152)
at java.nio.file.Files.copy(Files.java:3068)
at org.openqa.selenium.io.FileHandler.copyFile(FileHandler.java:139)
at org.openqa.selenium.io.FileHandler.copy(FileHandler.java:117)
at org.openqa.selenium.io.FileHandler.copyDir(FileHandler.java:132)
at org.openqa.selenium.io.FileHandler.copy(FileHandler.java:115)
at org.openqa.selenium.io.FileHandler.copyDir(FileHandler.java:132)
at org.openqa.selenium.io.FileHandler.copy(FileHandler.java:115)
at org.openqa.selenium.firefox.internal.ProfilesIni.getProfile(ProfilesIni.java:119)
... 22 more
]]>
    </error>
  </testcase> <!-- setup -->
  <testcase name="setup" time="5.190" classname="com.guru99bank.testCases.End2End">
    <error type="org.openqa.selenium.NoSuchWindowException" message="no such window: target window already closed
from unknown error: web view not found
  (Session info: chrome=69.0.3497.100)
  (Driver info: chromedriver=2.36.540470 (e522d04694c7ebea4ba8821272dbef4f9b818c91),platform=Windows NT 10.0.10240 x86_64) (WARNING: The server did not provide any stacktrace information)
Command duration or timeout: 1.18 seconds
Build info: version: &#039;3.4.0&#039;, revision: &#039;unknown&#039;, time: &#039;unknown&#039;
System info: host: &#039;C100-17&#039;, ip: &#039;192.168.100.17&#039;, os.name: &#039;Windows 8.1&#039;, os.arch: &#039;amd64&#039;, os.version: &#039;6.3&#039;, java.version: &#039;1.8.0_25&#039;
Driver info: org.openqa.selenium.chrome.ChromeDriver
Capabilities [{applicationCacheEnabled=false, rotatable=false, mobileEmulationEnabled=false, networkConnectionEnabled=false, chrome={chromedriverVersion=2.36.540470 (e522d04694c7ebea4ba8821272dbef4f9b818c91), userDataDir=C:\Users\dkunal\AppData\Local\Temp\scoped_dir420_14319}, takesHeapSnapshot=true, pageLoadStrategy=normal, databaseEnabled=false, handlesAlerts=true, hasTouchScreen=false, version=69.0.3497.100, platform=WIN8_1, browserConnectionEnabled=false, nativeEvents=true, acceptSslCerts=false, acceptInsecureCerts=false, locationContextEnabled=true, webStorageEnabled=true, browserName=chrome, takesScreenshot=true, javascriptEnabled=true, cssSelectorsEnabled=true, setWindowRect=true, unexpectedAlertBehaviour=}]
Session ID: c25a85cdb539c4b2a71f1a750dd86093">
      <![CDATA[org.openqa.selenium.NoSuchWindowException: no such window: target window already closed
from unknown error: web view not found
  (Session info: chrome=69.0.3497.100)
  (Driver info: chromedriver=2.36.540470 (e522d04694c7ebea4ba8821272dbef4f9b818c91),platform=Windows NT 10.0.10240 x86_64) (WARNING: The server did not provide any stacktrace information)
Command duration or timeout: 1.18 seconds
Build info: version: '3.4.0', revision: 'unknown', time: 'unknown'
System info: host: 'C100-17', ip: '192.168.100.17', os.name: 'Windows 8.1', os.arch: 'amd64', os.version: '6.3', java.version: '1.8.0_25'
Driver info: org.openqa.selenium.chrome.ChromeDriver
Capabilities [{applicationCacheEnabled=false, rotatable=false, mobileEmulationEnabled=false, networkConnectionEnabled=false, chrome={chromedriverVersion=2.36.540470 (e522d04694c7ebea4ba8821272dbef4f9b818c91), userDataDir=C:\Users\dkunal\AppData\Local\Temp\scoped_dir420_14319}, takesHeapSnapshot=true, pageLoadStrategy=normal, databaseEnabled=false, handlesAlerts=true, hasTouchScreen=false, version=69.0.3497.100, platform=WIN8_1, browserConnectionEnabled=false, nativeEvents=true, acceptSslCerts=false, acceptInsecureCerts=false, locationContextEnabled=true, webStorageEnabled=true, browserName=chrome, takesScreenshot=true, javascriptEnabled=true, cssSelectorsEnabled=true, setWindowRect=true, unexpectedAlertBehaviour=}]
Session ID: c25a85cdb539c4b2a71f1a750dd86093
at sun.reflect.NativeConstructorAccessorImpl.newInstance0(Native Method)
at sun.reflect.NativeConstructorAccessorImpl.newInstance(NativeConstructorAccessorImpl.java:62)
at sun.reflect.DelegatingConstructorAccessorImpl.newInstance(DelegatingConstructorAccessorImpl.java:45)
at java.lang.reflect.Constructor.newInstance(Constructor.java:408)
at org.openqa.selenium.remote.ErrorHandler.createThrowable(ErrorHandler.java:215)
at org.openqa.selenium.remote.ErrorHandler.throwIfResponseFailed(ErrorHandler.java:167)
at org.openqa.selenium.remote.RemoteWebDriver.execute(RemoteWebDriver.java:671)
at org.openqa.selenium.remote.RemoteWebDriver.get(RemoteWebDriver.java:364)
at com.guru99bank.testCases.BaseClass.setup(BaseClass.java:70)
at sun.reflect.NativeMethodAccessorImpl.invoke0(Native Method)
at sun.reflect.NativeMethodAccessorImpl.invoke(NativeMethodAccessorImpl.java:62)
at sun.reflect.DelegatingMethodAccessorImpl.invoke(DelegatingMethodAccessorImpl.java:43)
at java.lang.reflect.Method.invoke(Method.java:483)
at org.testng.internal.MethodInvocationHelper.invokeMethod(MethodInvocationHelper.java:124)
at org.testng.internal.MethodInvocationHelper.invokeMethodConsideringTimeout(MethodInvocationHelper.java:59)
at org.testng.internal.Invoker.invokeConfigurationMethod(Invoker.java:458)
at org.testng.internal.Invoker.invokeConfigurations(Invoker.java:222)
at org.testng.internal.Invoker.invokeConfigurations(Invoker.java:142)
at org.testng.internal.TestMethodWorker.invokeBeforeClassMethods(TestMethodWorker.java:168)
at org.testng.internal.TestMethodWorker.run(TestMethodWorker.java:105)
at org.testng.TestRunner.privateRun(TestRunner.java:648)
at org.testng.TestRunner.run(TestRunner.java:505)
at org.testng.SuiteRunner.runTest(SuiteRunner.java:455)
at org.testng.SuiteRunner.access$000(SuiteRunner.java:40)
at org.testng.SuiteRunner$SuiteWorker.run(SuiteRunner.java:489)
at org.testng.internal.thread.ThreadUtil$1.call(ThreadUtil.java:52)
at java.util.concurrent.FutureTask.run(FutureTask.java:266)
at java.util.concurrent.ThreadPoolExecutor.runWorker(ThreadPoolExecutor.java:1142)
at java.util.concurrent.ThreadPoolExecutor$Worker.run(ThreadPoolExecutor.java:617)
at java.lang.Thread.run(Thread.java:745)
]]>
    </error>
  </testcase> <!-- setup -->
  <testcase name="login_using_datadriveren" time="0.000" classname="com.guru99bank.testCases.End2End">
    <skipped/>
  </testcase> <!-- login_using_datadriveren -->
  <testcase name="login_using_datadriveren" time="0.000" classname="com.guru99bank.testCases.End2End">
    <skipped/>
  </testcase> <!-- login_using_datadriveren -->
  <testcase name="login_using_datadriveren" time="0.000" classname="com.guru99bank.testCases.End2End">
    <skipped/>
  </testcase> <!-- login_using_datadriveren -->
  <testcase name="login_using_datadriveren" time="0.000" classname="com.guru99bank.testCases.End2End">
    <skipped/>
  </testcase> <!-- login_using_datadriveren -->
  <testcase name="login_using_datadriveren" time="0.000" classname="com.guru99bank.testCases.End2End">
    <skipped/>
  </testcase> <!-- login_using_datadriveren -->
  <testcase name="login_using_datadriveren" time="0.000" classname="com.guru99bank.testCases.End2End">
    <skipped/>
  </testcase> <!-- login_using_datadriveren -->
  <testcase name="login_using_datadriveren" time="0.000" classname="com.guru99bank.testCases.End2End">
    <skipped/>
  </testcase> <!-- login_using_datadriveren -->
  <testcase name="login_using_datadriveren" time="0.000" classname="com.guru99bank.testCases.End2End">
    <skipped/>
  </testcase> <!-- login_using_datadriveren -->
  <testcase name="login_valid" time="0.000" classname="com.guru99bank.testCases.End2End">
    <skipped/>
  </testcase> <!-- login_valid -->
  <testcase name="login_valid" time="0.000" classname="com.guru99bank.testCases.End2End">
    <skipped/>
  </testcase> <!-- login_valid -->
  <testcase name="editcustomer_using_datadriven" time="0.000" classname="com.guru99bank.testCases.End2End">
    <skipped/>
  </testcase> <!-- editcustomer_using_datadriven -->
  <testcase name="editcustomer_using_datadriven" time="0.000" classname="com.guru99bank.testCases.End2End">
    <skipped/>
  </testcase> <!-- editcustomer_using_datadriven -->
  <testcase name="editcustomer_using_datadriven" time="0.000" classname="com.guru99bank.testCases.End2End">
    <skipped/>
  </testcase> <!-- editcustomer_using_datadriven -->
  <testcase name="editcustomer_using_datadriven" time="0.000" classname="com.guru99bank.testCases.End2End">
    <skipped/>
  </testcase> <!-- editcustomer_using_datadriven -->
  <testcase name="editcustomer_using_datadriven" time="0.000" classname="com.guru99bank.testCases.End2End">
    <skipped/>
  </testcase> <!-- editcustomer_using_datadriven -->
  <testcase name="editcustomer_using_datadriven" time="0.000" classname="com.guru99bank.testCases.End2End">
    <skipped/>
  </testcase> <!-- editcustomer_using_datadriven -->
  <testcase name="editcustomer_using_datadriven" time="0.000" classname="com.guru99bank.testCases.End2End">
    <skipped/>
  </testcase> <!-- editcustomer_using_datadriven -->
  <testcase name="editcustomer_using_datadriven" time="0.000" classname="com.guru99bank.testCases.End2End">
    <skipped/>
  </testcase> <!-- editcustomer_using_datadriven -->
  <testcase name="editcustomer_using_datadriven" time="0.000" classname="com.guru99bank.testCases.End2End">
    <skipped/>
  </testcase> <!-- editcustomer_using_datadriven -->
  <testcase name="editcustomer_using_datadriven" time="0.000" classname="com.guru99bank.testCases.End2End">
    <skipped/>
  </testcase> <!-- editcustomer_using_datadriven -->
  <testcase name="editcustomer_using_datadriven" time="0.000" classname="com.guru99bank.testCases.End2End">
    <skipped/>
  </testcase> <!-- editcustomer_using_datadriven -->
  <testcase name="editcustomer_using_datadriven" time="0.000" classname="com.guru99bank.testCases.End2End">
    <skipped/>
  </testcase> <!-- editcustomer_using_datadriven -->
  <testcase name="createnewaccount" time="0.000" classname="com.guru99bank.testCases.End2End">
    <skipped/>
  </testcase> <!-- createnewaccount -->
  <testcase name="createnewaccount" time="0.000" classname="com.guru99bank.testCases.End2End">
    <skipped/>
  </testcase> <!-- createnewaccount -->
  <testcase name="balance_enquiry_datadriven" time="0.000" classname="com.guru99bank.testCases.End2End">
    <skipped/>
  </testcase> <!-- balance_enquiry_datadriven -->
  <testcase name="balance_enquiry_datadriven" time="0.000" classname="com.guru99bank.testCases.End2End">
    <skipped/>
  </testcase> <!-- balance_enquiry_datadriven -->
  <testcase name="balance_enquiry_datadriven" time="0.000" classname="com.guru99bank.testCases.End2End">
    <skipped/>
  </testcase> <!-- balance_enquiry_datadriven -->
  <testcase name="balance_enquiry_datadriven" time="0.000" classname="com.guru99bank.testCases.End2End">
    <skipped/>
  </testcase> <!-- balance_enquiry_datadriven -->
  <testcase name="balance_enquiry_datadriven" time="0.000" classname="com.guru99bank.testCases.End2End">
    <skipped/>
  </testcase> <!-- balance_enquiry_datadriven -->
  <testcase name="balance_enquiry_datadriven" time="0.000" classname="com.guru99bank.testCases.End2End">
    <skipped/>
  </testcase> <!-- balance_enquiry_datadriven -->
  <testcase name="balance_enquiry_datadriven" time="0.000" classname="com.guru99bank.testCases.End2End">
    <skipped/>
  </testcase> <!-- balance_enquiry_datadriven -->
  <testcase name="balance_enquiry_datadriven" time="0.000" classname="com.guru99bank.testCases.End2End">
    <skipped/>
  </testcase> <!-- balance_enquiry_datadriven -->
  <testcase name="balance_enquiry_datadriven" time="0.000" classname="com.guru99bank.testCases.End2End">
    <skipped/>
  </testcase> <!-- balance_enquiry_datadriven -->
  <testcase name="balance_enquiry_datadriven" time="0.000" classname="com.guru99bank.testCases.End2End">
    <skipped/>
  </testcase> <!-- balance_enquiry_datadriven -->
  <testcase name="balance_enquiry_datadriven" time="0.000" classname="com.guru99bank.testCases.End2End">
    <skipped/>
  </testcase> <!-- balance_enquiry_datadriven -->
  <testcase name="balance_enquiry_datadriven" time="0.000" classname="com.guru99bank.testCases.End2End">
    <skipped/>
  </testcase> <!-- balance_enquiry_datadriven -->
  <testcase name="balance_enquiry_datadriven" time="0.000" classname="com.guru99bank.testCases.End2End">
    <skipped/>
  </testcase> <!-- balance_enquiry_datadriven -->
  <testcase name="balance_enquiry_datadriven" time="0.000" classname="com.guru99bank.testCases.End2End">
    <skipped/>
  </testcase> <!-- balance_enquiry_datadriven -->
  <testcase name="balance_enquiry_datadriven" time="0.000" classname="com.guru99bank.testCases.End2End">
    <skipped/>
  </testcase> <!-- balance_enquiry_datadriven -->
  <testcase name="balance_enquiry_datadriven" time="0.000" classname="com.guru99bank.testCases.End2End">
    <skipped/>
  </testcase> <!-- balance_enquiry_datadriven -->
  <testcase name="ministmt_using_datadriven" time="0.000" classname="com.guru99bank.testCases.End2End">
    <skipped/>
  </testcase> <!-- ministmt_using_datadriven -->
  <testcase name="ministmt_using_datadriven" time="0.000" classname="com.guru99bank.testCases.End2End">
    <skipped/>
  </testcase> <!-- ministmt_using_datadriven -->
  <testcase name="ministmt_using_datadriven" time="0.000" classname="com.guru99bank.testCases.End2End">
    <skipped/>
  </testcase> <!-- ministmt_using_datadriven -->
  <testcase name="ministmt_using_datadriven" time="0.000" classname="com.guru99bank.testCases.End2End">
    <skipped/>
  </testcase> <!-- ministmt_using_datadriven -->
  <testcase name="ministmt_using_datadriven" time="0.000" classname="com.guru99bank.testCases.End2End">
    <skipped/>
  </testcase> <!-- ministmt_using_datadriven -->
  <testcase name="ministmt_using_datadriven" time="0.000" classname="com.guru99bank.testCases.End2End">
    <skipped/>
  </testcase> <!-- ministmt_using_datadriven -->
  <testcase name="ministmt_using_datadriven" time="0.000" classname="com.guru99bank.testCases.End2End">
    <skipped/>
  </testcase> <!-- ministmt_using_datadriven -->
  <testcase name="ministmt_using_datadriven" time="0.000" classname="com.guru99bank.testCases.End2End">
    <skipped/>
  </testcase> <!-- ministmt_using_datadriven -->
  <testcase name="ministmt_using_datadriven" time="0.000" classname="com.guru99bank.testCases.End2End">
    <skipped/>
  </testcase> <!-- ministmt_using_datadriven -->
  <testcase name="ministmt_using_datadriven" time="0.000" classname="com.guru99bank.testCases.End2End">
    <skipped/>
  </testcase> <!-- ministmt_using_datadriven -->
  <testcase name="ministmt_using_datadriven" time="0.000" classname="com.guru99bank.testCases.End2End">
    <skipped/>
  </testcase> <!-- ministmt_using_datadriven -->
  <testcase name="ministmt_using_datadriven" time="0.000" classname="com.guru99bank.testCases.End2End">
    <skipped/>
  </testcase> <!-- ministmt_using_datadriven -->
  <testcase name="ministmt_using_datadriven" time="0.000" classname="com.guru99bank.testCases.End2End">
    <skipped/>
  </testcase> <!-- ministmt_using_datadriven -->
  <testcase name="ministmt_using_datadriven" time="0.000" classname="com.guru99bank.testCases.End2End">
    <skipped/>
  </testcase> <!-- ministmt_using_datadriven -->
  <testcase name="ministmt_using_datadriven" time="0.000" classname="com.guru99bank.testCases.End2End">
    <skipped/>
  </testcase> <!-- ministmt_using_datadriven -->
  <testcase name="ministmt_using_datadriven" time="0.000" classname="com.guru99bank.testCases.End2End">
    <skipped/>
  </testcase> <!-- ministmt_using_datadriven -->
</testsuite> <!-- com.guru99bank.testCases.End2End -->
